<?xml version="1.0" encoding="UTF-8"?>
<!-- Generated by org.testng.reporters.JUnitReportReporter -->
<testsuite hostname="MSI" failures="0" tests="1" name="tests.AnnotationsHierarchy" time="0.014" errors="0" timestamp="2023-09-14T07:18:12 IST" skipped="0">
  <testcase classname="tests.AnnotationsHierarchy" name="testOne" time="0.014"/>
  <system-out/>
</testsuite> <!-- tests.AnnotationsHierarchy -->
