<?xml version="1.0" encoding="UTF-8"?>
<!-- Generated by org.testng.reporters.JUnitReportReporter -->
<testsuite hostname="MSI" failures="0" tests="3" name="tests.DemoParameter" time="12.858" errors="0" timestamp="2023-09-14T07:07:31 IST" skipped="0">
  <testcase classname="tests.DemoParameter" name="loginFacebook" time="4.986"/>
  <system-out/>
  <testcase classname="tests.DemoParameter" name="loginFacebook" time="3.953"/>
  <system-out/>
  <testcase classname="tests.DemoParameter" name="loginFacebook" time="3.919"/>
  <system-out/>
</testsuite> <!-- tests.DemoParameter -->
